#
# There is insufficient memory for the Java Runtime Environment to continue.
# Native memory allocation (malloc) failed to allocate 1107616 bytes for Chunk::new
# Possible reasons:
#   The system is out of physical RAM or swap space
#   In 32 bit mode, the process size limit was hit
# Possible solutions:
#   Reduce memory load on the system
#   Increase physical memory or swap space
#   Check if swap backing store is full
#   Use 64 bit Java on a 64 bit OS
#   Decrease Java heap size (-Xmx/-Xms)
#   Decrease number of Java threads
#   Decrease Java thread stack sizes (-Xss)
#   Set larger code cache with -XX:ReservedCodeCacheSize=
# This output file may be truncated or incomplete.
#
#  Out of Memory Error (allocation.cpp:390), pid=3980, tid=2284
#
# JRE version: Java(TM) SE Runtime Environment (8.0_60-b27) (build 1.8.0_60-b27)
# Java VM: Java HotSpot(TM) 64-Bit Server VM (25.60-b23 mixed mode windows-amd64 compressed oops)
# Failed to write core dump. Minidumps are not enabled by default on client versions of Windows
#

---------------  T H R E A D  ---------------

Current thread (0x00000000150fe000):  JavaThread "C2 CompilerThread1" daemon [_thread_in_native, id=2284, stack(0x0000000016a90000,0x0000000016b90000)]

Stack: [0x0000000016a90000,0x0000000016b90000]
[error occurred during error reporting (printing stack bounds), id 0xc0000005]

Native frames: (J=compiled Java code, j=interpreted, Vv=VM code, C=native code)


Current CompileTask:
C2:   3855 1458       4       com.android.dx.dex.code.RopToDop::dopFor (792 bytes)


---------------  P R O C E S S  ---------------

Java Threads: ( => current thread )
  0x0000000016fd8800 JavaThread "pool-1-thread-4" [_thread_blocked, id=5272, stack(0x0000000017b40000,0x0000000017c40000)]
  0x0000000016fc8800 JavaThread "pool-1-thread-3" [_thread_blocked, id=3504, stack(0x00000000179d0000,0x0000000017ad0000)]
  0x0000000016fbc000 JavaThread "pool-1-thread-2" [_thread_blocked, id=5456, stack(0x00000000177a0000,0x00000000178a0000)]
  0x0000000016fbf000 JavaThread "pool-2-thread-1" [_thread_blocked, id=4092, stack(0x0000000017670000,0x0000000017770000)]
  0x0000000016fb2000 JavaThread "pool-1-thread-1" [_thread_in_Java, id=5640, stack(0x0000000017440000,0x0000000017540000)]
  0x0000000016d43800 JavaThread "Service Thread" daemon [_thread_blocked, id=5240, stack(0x00000000171f0000,0x00000000172f0000)]
  0x00000000150fe800 JavaThread "C1 CompilerThread2" daemon [_thread_in_native, id=4008, stack(0x0000000016c40000,0x0000000016d40000)]
=>0x00000000150fe000 JavaThread "C2 CompilerThread1" daemon [_thread_in_native, id=2284, stack(0x0000000016a90000,0x0000000016b90000)]
  0x00000000150f5000 JavaThread "C2 CompilerThread0" daemon [_thread_in_native, id=5540, stack(0x0000000016880000,0x0000000016980000)]
  0x00000000150f1800 JavaThread "Attach Listener" daemon [_thread_blocked, id=4836, stack(0x00000000165b0000,0x00000000166b0000)]
  0x00000000150f0800 JavaThread "Signal Dispatcher" daemon [_thread_blocked, id=4328, stack(0x00000000166b0000,0x00000000167b0000)]
  0x0000000015097000 JavaThread "Finalizer" daemon [_thread_blocked, id=3908, stack(0x0000000016460000,0x0000000016560000)]
  0x0000000015090000 JavaThread "Reference Handler" daemon [_thread_blocked, id=6076, stack(0x0000000016270000,0x0000000016370000)]
  0x00000000021ce000 JavaThread "main" [_thread_blocked, id=3284, stack(0x0000000002240000,0x0000000002340000)]

Other Threads:
  0x000000001508a800 VMThread [stack: 0x0000000015fe0000,0x00000000160e0000] [id=4060]
  0x0000000016db8000 WatcherThread [stack: 0x0000000016110000,0x0000000016210000] [id=5712]

VM state:not at safepoint (normal execution)

VM Mutex/Monitor currently owned by a thread: None

Heap:
 PSYoungGen      total 38400K, used 34537K [0x00000000eab00000, 0x00000000ef600000, 0x0000000100000000)
  eden space 33280K, 88% used [0x00000000eab00000,0x00000000ec7bc7c0,0x00000000ecb80000)
  from space 5120K, 99% used [0x00000000ecb80000,0x00000000ed07dca8,0x00000000ed080000)
  to   space 5120K, 0% used [0x00000000ef100000,0x00000000ef100000,0x00000000ef600000)
 ParOldGen       total 87552K, used 1702K [0x00000000c0000000, 0x00000000c5580000, 0x00000000eab00000)
  object space 87552K, 1% used [0x00000000c0000000,0x00000000c01a9aa8,0x00000000c5580000)
 Metaspace       used 6010K, capacity 7024K, committed 7296K, reserved 1056768K
  class space    used 592K, capacity 616K, committed 640K, reserved 1048576K

Card table byte_map: [0x0000000011a50000,0x0000000011c60000] byte_map_base: 0x0000000011450000

Marking Bits: (ParMarkBitMap*) 0x0000000051eaa5b0
 Begin Bits: [0x0000000012500000, 0x0000000013500000)
 End Bits:   [0x0000000013500000, 0x0000000014500000)

Polling page: 0x0000000000430000

CodeCache: size=245760Kb used=5756Kb max_used=5762Kb free=240003Kb
 bounds [0x0000000002690000, 0x0000000002c40000, 0x0000000011690000]
 total_blobs=1687 nmethods=1419 adapters=181
 compilation: enabled

Compilation events (10 events):
Event: 3.765 Thread 0x00000000150fe800 1457       3       com.android.dx.rop.cst.CstString::equals (24 bytes)
Event: 3.765 Thread 0x00000000150fe800 nmethod 1457 0x0000000002be5890 code [0x0000000002be5a00, 0x0000000002be5e28]
Event: 3.787 Thread 0x00000000150f5000 nmethod 1440 0x0000000002c05550 code [0x0000000002c05760, 0x0000000002c06ef8]
Event: 3.835 Thread 0x00000000150fe800 1459       3       java.util.concurrent.ThreadPoolExecutor::isRunning (10 bytes)
Event: 3.835 Thread 0x00000000150fe800 nmethod 1459 0x0000000002bf9690 code [0x0000000002bf97e0, 0x0000000002bf9970]
Event: 3.835 Thread 0x00000000150fe800 1460       3       sun.util.calendar.CalendarDate::setNormalized (6 bytes)
Event: 3.835 Thread 0x00000000150fe800 nmethod 1460 0x0000000002bf9390 code [0x0000000002bf94e0, 0x0000000002bf9630]
Event: 3.836 Thread 0x00000000150f5000 1461       4       com.android.dx.ssa.back.FirstFitLocalCombiningAllocator::addMapping (76 bytes)
Event: 3.837 Thread 0x00000000150fe800 1462       3       com.android.dx.cf.code.Ropper::addOrReplaceBlock (66 bytes)
Event: 3.838 Thread 0x00000000150fe800 nmethod 1462 0x0000000002bf5d10 code [0x0000000002bf5f60, 0x0000000002bf6d78]

GC Heap History (2 events):
Event: 1.519 GC heap before
{Heap before GC invocations=1 (full 0):
 PSYoungGen      total 38400K, used 33280K [0x00000000eab00000, 0x00000000ed580000, 0x0000000100000000)
  eden space 33280K, 100% used [0x00000000eab00000,0x00000000ecb80000,0x00000000ecb80000)
  from space 5120K, 0% used [0x00000000ed080000,0x00000000ed080000,0x00000000ed580000)
  to   space 5120K, 0% used [0x00000000ecb80000,0x00000000ecb80000,0x00000000ed080000)
 ParOldGen       total 87552K, used 0K [0x00000000c0000000, 0x00000000c5580000, 0x00000000eab00000)
  object space 87552K, 0% used [0x00000000c0000000,0x00000000c0000000,0x00000000c5580000)
 Metaspace       used 5799K, capacity 6832K, committed 7040K, reserved 1056768K
  class space    used 591K, capacity 616K, committed 640K, reserved 1048576K
Event: 1.790 GC heap after
Heap after GC invocations=1 (full 0):
 PSYoungGen      total 38400K, used 5111K [0x00000000eab00000, 0x00000000ef600000, 0x0000000100000000)
  eden space 33280K, 0% used [0x00000000eab00000,0x00000000eab00000,0x00000000ecb80000)
  from space 5120K, 99% used [0x00000000ecb80000,0x00000000ed07dca8,0x00000000ed080000)
  to   space 5120K, 0% used [0x00000000ef100000,0x00000000ef100000,0x00000000ef600000)
 ParOldGen       total 87552K, used 1702K [0x00000000c0000000, 0x00000000c5580000, 0x00000000eab00000)
  object space 87552K, 1% used [0x00000000c0000000,0x00000000c01a9aa8,0x00000000c5580000)
 Metaspace       used 5799K, capacity 6832K, committed 7040K, reserved 1056768K
  class space    used 591K, capacity 616K, committed 640K, reserved 1048576K
}

Deoptimization events (8 events):
Event: 0.657 Thread 0x0000000016fbc000 Uncommon trap: reason=unstable_if action=reinterpret pc=0x000000000288bab8 method=java.util.HashMap.getNode(ILjava/lang/Object;)Ljava/util/HashMap$Node; @ 129
Event: 2.048 Thread 0x0000000016fb2000 Uncommon trap: reason=bimorphic action=maybe_recompile pc=0x0000000002939854 method=java.util.HashMap.getNode(ILjava/lang/Object;)Ljava/util/HashMap$Node; @ 126
Event: 2.048 Thread 0x0000000016fb2000 Uncommon trap: reason=bimorphic action=maybe_recompile pc=0x0000000002939854 method=java.util.HashMap.getNode(ILjava/lang/Object;)Ljava/util/HashMap$Node; @ 126
Event: 2.048 Thread 0x0000000016fb2000 Uncommon trap: reason=bimorphic action=maybe_recompile pc=0x00000000028a39e4 method=java.util.HashMap.getNode(ILjava/lang/Object;)Ljava/util/HashMap$Node; @ 126
Event: 2.048 Thread 0x0000000016fb2000 Uncommon trap: reason=bimorphic action=maybe_recompile pc=0x00000000028a39e4 method=java.util.HashMap.getNode(ILjava/lang/Object;)Ljava/util/HashMap$Node; @ 126
Event: 2.061 Thread 0x0000000016fb2000 Uncommon trap: reason=bimorphic action=maybe_recompile pc=0x0000000002939854 method=java.util.HashMap.getNode(ILjava/lang/Object;)Ljava/util/HashMap$Node; @ 126
Event: 2.382 Thread 0x0000000016fbc000 Uncommon trap: reason=null_check action=make_not_entrant pc=0x0000000002973950 method=com.android.dx.rop.type.Type.equals(Ljava/lang/Object;)Z @ 8
Event: 2.943 Thread 0x0000000016fbc000 Uncommon trap: reason=unstable_if action=reinterpret pc=0x0000000002a67acc method=com.android.dx.ssa.SsaMethod.updateOneDefinition(Lcom/android/dx/ssa/SsaInsn;Lcom/android/dx/rop/code/RegisterSpec;)V @ 4

Internal exceptions (3 events):
Event: 0.094 Thread 0x00000000021ce000 Exception <a 'java/lang/NoSuchMethodError': Method sun.misc.Unsafe.defineClass(Ljava/lang/String;[BII)Ljava/lang/Class; name or signature does not match> (0x00000000eab0d3f8) thrown at [C:\re\workspace\8-2-build-windows-amd64-cygwin\jdk8u60\4407\hotspot\sr(ÍD—J¸?
Event: 0.094 Thread 0x00000000021ce000 Exception <a 'java/lang/NoSuchMethodError': Method sun.misc.Unsafe.prefetchRead(Ljava/lang/Object;J)V name or signature does not match> (0x00000000eab0d6e0) thrown at [C:\re\workspace\8-2-build-windows-amd64-cygwin\jdk8u60\4407\hotspot\src\share\vm\prims\j•H1%0@
Event: 2.382 Thread 0x0000000016fbc000 Implicit null exception at 0x0000000002973852 to 0x0000000002973942

Events (10 events):
Event: 2.382 Thread 0x0000000016fbc000 DEOPT UNPACKING pc=0x00000000026d582a sp=0x000000001789e548 mode 2
Event: 2.392 Thread 0x0000000016fbc000 DEOPT PACKING pc=0x00000000029a9df5 sp=0x000000001789e920
Event: 2.392 Thread 0x0000000016fbc000 DEOPT UNPACKING pc=0x00000000026d787f sp=0x000000001789e6b8 mode 0
Event: 2.943 Thread 0x0000000016fbc000 Uncommon trap: trap_request=0xffffff65 fr.pc=0x0000000002a67acc
Event: 2.943 Thread 0x0000000016fbc000 DEOPT PACKING pc=0x0000000002a67acc sp=0x000000001789e810
Event: 2.943 Thread 0x0000000016fbc000 DEOPT UNPACKING pc=0x00000000026d582a sp=0x000000001789e7b8 mode 2
Event: 3.137 Thread 0x0000000016fb2000 DEOPT PACKING pc=0x0000000002a242d8 sp=0x000000001753e9b0
Event: 3.137 Thread 0x0000000016fb2000 DEOPT UNPACKING pc=0x00000000026d787f sp=0x000000001753e6f8 mode 0
Event: 3.637 loading class com/android/dx/rop/code/RegisterSpec$1
Event: 3.637 loading class com/android/dx/rop/code/RegisterSpec$1 done


Dynamic libraries:
0x000000013fa50000 - 0x000000013fa87000 	C:\Program Files\Java\jdk1.8.0_60\bin\java.exe
0x0000000077a40000 - 0x0000000077be9000 	C:\Windows\SYSTEM32\ntdll.dll
0x0000000077820000 - 0x000000007793f000 	C:\Windows\system32\kernel32.dll
0x000007fefdc70000 - 0x000007fefdcdc000 	C:\Windows\system32\KERNELBASE.dll
0x000007fefe540000 - 0x000007fefe61b000 	C:\Windows\system32\ADVAPI32.dll
0x000007fefe3a0000 - 0x000007fefe43f000 	C:\Windows\system32\msvcrt.dll
0x000007feffd30000 - 0x000007feffd4f000 	C:\Windows\SYSTEM32\sechost.dll
0x000007fefe730000 - 0x000007fefe85d000 	C:\Windows\system32\RPCRT4.dll
0x0000000077940000 - 0x0000000077a3a000 	C:\Windows\system32\USER32.dll
0x000007fefef20000 - 0x000007fefef87000 	C:\Windows\system32\GDI32.dll
0x000007fefebc0000 - 0x000007fefebce000 	C:\Windows\system32\LPK.dll
0x000007fefee50000 - 0x000007fefef19000 	C:\Windows\system32\USP10.dll
0x000007fefc460000 - 0x000007fefc654000 	C:\Windows\WinSxS\amd64_microsoft.windows.common-controls_6595b64144ccf1df_6.0.7601.17514_none_fa396087175ac9ac\COMCTL32.dll
0x000007fefe0c0000 - 0x000007fefe131000 	C:\Windows\system32\SHLWAPI.dll
0x000007fefe980000 - 0x000007fefe9ae000 	C:\Windows\system32\IMM32.DLL
0x000007fefe620000 - 0x000007fefe729000 	C:\Windows\system32\MSCTF.dll
0x0000000058bc0000 - 0x0000000058c92000 	C:\Program Files\Java\jdk1.8.0_60\jre\bin\msvcr100.dll
0x00000000516a0000 - 0x0000000051f29000 	C:\Program Files\Java\jdk1.8.0_60\jre\bin\server\jvm.dll
0x000007fef9840000 - 0x000007fef9849000 	C:\Windows\system32\WSOCK32.dll
0x000007fefdd60000 - 0x000007fefddad000 	C:\Windows\system32\WS2_32.dll
0x000007fefef90000 - 0x000007fefef98000 	C:\Windows\system32\NSI.dll
0x000007fefa100000 - 0x000007fefa13b000 	C:\Windows\system32\WINMM.dll
0x000007fefcaf0000 - 0x000007fefcafc000 	C:\Windows\system32\VERSION.dll
0x0000000077c10000 - 0x0000000077c17000 	C:\Windows\system32\PSAPI.DLL
0x0000000075680000 - 0x000000007568f000 	C:\Program Files\Java\jdk1.8.0_60\jre\bin\verify.dll
0x0000000073f20000 - 0x0000000073f49000 	C:\Program Files\Java\jdk1.8.0_60\jre\bin\java.dll
0x0000000058d10000 - 0x0000000058d26000 	C:\Program Files\Java\jdk1.8.0_60\jre\bin\zip.dll
0x000007fefefa0000 - 0x000007feffd28000 	C:\Windows\system32\SHELL32.dll
0x000007fefe9b0000 - 0x000007fefebb3000 	C:\Windows\system32\ole32.dll
0x000007fefd990000 - 0x000007fefd99f000 	C:\Windows\system32\profapi.dll

VM Arguments:
jvm_args: -Xmx1024M -Dfile.encoding=windows-1252 -Duser.country=US -Duser.language=en -Duser.variant 
java_command: com.android.dx.command.Main --dex --num-threads=4 --output C:\Users\Administrator\AndroidStudioProjects\GoogleMapDemo1\app\build\intermediates\pre-dexed\debug\classes-09642b2977967d268b1856e0a9790f92acdcfbbb.jar C:\Users\Administrator\AndroidStudioProjects\GoogleMapDemo1\app\build\intermediates\exploded-aar\com.google.android.gms\play-services-ads\10.2.4\jars\classes.jar
java_class_path (initial): C:\Users\Administrator\AppData\Local\Android\android-sdk\build-tools\23.0.1\lib\dx.jar
Launcher Type: SUN_STANDARD

Environment Variables:
PATH=C:\ProgramData\Oracle\Java\javapath;C:\Windows\system32;C:\Windows;C:\Windows\System32\Wbem;C:\Windows\System32\WindowsPowerShell\v1.0\;C:\AppServ\Apache2.2\bin;C:\AppServ\php5;C:\AppServ\MySQL\bin
USERNAME=Administrator
OS=Windows_NT
PROCESSOR_IDENTIFIER=Intel64 Family 6 Model 42 Stepping 7, GenuineIntel



---------------  S Y S T E M  ---------------

OS: Windows 7 , 64 bit Build 7601 (6.1.7601.17651)

CPU:total 4 (2 cores per cpu, 2 threads per core) family 6 model 42 stepping 7, cmov, cx8, fxsr, mmx, sse, sse2, sse3, ssse3, sse4.1, sse4.2, popcnt, avx, clmul, ht, tsc, tscinvbit

Memory: 4k page, physical 8294868k(1302196k free), swap 8293016k(9084k free)

vm_info: Java HotSpot(TM) 64-Bit Server VM (25.60-b23) for windows-amd64 JRE (1.8.0_60-b27), built on Aug  4 2015 11:06:27 by "java_re" with MS VC++ 10.0 (VS2010)

time: Sat May 06 15:24:32 2017
elapsed time: 3 seconds (0d 0h 0m 3s)

